Info: Starting: Create block symbol file (.bsf)
Info: qsys-generate C:\Users\ASUS\OneDrive\Escritorio\Module5_Sample_HW\nios_qsys.qsys --block-symbol-file --output-directory=C:\Users\ASUS\OneDrive\Escritorio\Module5_Sample_HW\nios_qsys --family="Cyclone V" --part=5CSEBA6U23I7
Progress: Loading Module5_Sample_HW/nios_qsys.qsys
Progress: Reading input file
Progress: Adding clk_50 [clock_source 18.1]
Progress: Parameterizing module clk_50
Progress: Adding jtag_uart [altera_avalon_jtag_uart 18.1]
Progress: Parameterizing module jtag_uart
Progress: Adding led_pio [altera_avalon_pio 18.1]
Progress: Parameterizing module led_pio
Progress: Adding light_i2c_opencores [i2c_opencores 12.0]
Progress: Parameterizing module light_i2c_opencores
Progress: Adding light_int [altera_avalon_pio 18.1]
Progress: Parameterizing module light_int
Progress: Adding mm_bridge_for_hps [altera_avalon_mm_bridge 18.1]
Progress: Parameterizing module mm_bridge_for_hps
Progress: Adding mpu_i2c_opencores [i2c_opencores 12.0]
Progress: Parameterizing module mpu_i2c_opencores
Progress: Adding mpu_int [altera_avalon_pio 18.1]
Progress: Parameterizing module mpu_int
Progress: Adding nios2_gen2 [altera_nios2_gen2 18.1]
Progress: Parameterizing module nios2_gen2
Progress: Adding onchip_memory2 [altera_avalon_onchip_memory2 18.1]
Progress: Parameterizing module onchip_memory2
Progress: Adding pid_controller_0 [pid_controller 1.0]
Progress: Parameterizing module pid_controller_0
Progress: Adding pio_0 [altera_avalon_pio 18.1]
Progress: Parameterizing module pio_0
Progress: Adding rh_temp_drdy_n [altera_avalon_pio 18.1]
Progress: Parameterizing module rh_temp_drdy_n
Progress: Adding rh_temp_i2c_opencores [i2c_opencores 12.0]
Progress: Parameterizing module rh_temp_i2c_opencores
Progress: Adding shared_memory [altera_avalon_onchip_memory2 18.1]
Progress: Parameterizing module shared_memory
Progress: Adding sysid_qsys [altera_avalon_sysid_qsys 18.1]
Progress: Parameterizing module sysid_qsys
Progress: Adding timer [altera_avalon_timer 18.1]
Progress: Parameterizing module timer
Progress: Adding wifi_reset_pio [altera_avalon_pio 18.1]
Progress: Parameterizing module wifi_reset_pio
Progress: Adding wifi_uart0 [altera_avalon_uart 18.1]
Progress: Parameterizing module wifi_uart0
Progress: Building connections
Progress: Parameterizing connections
Progress: Validating
Progress: Done reading input file
Info: nios_qsys.jtag_uart: JTAG UART IP input clock need to be at least double (2x) the operating frequency of JTAG TCK on board
Info: nios_qsys.light_int: PIO inputs are not hardwired in test bench. Undefined values will be read from PIO inputs during simulation.
Info: nios_qsys.mpu_int: PIO inputs are not hardwired in test bench. Undefined values will be read from PIO inputs during simulation.
Info: nios_qsys.rh_temp_drdy_n: PIO inputs are not hardwired in test bench. Undefined values will be read from PIO inputs during simulation.
Info: nios_qsys.sysid_qsys: System ID is not assigned automatically. Edit the System ID parameter to provide a unique ID
Info: nios_qsys.sysid_qsys: Time stamp will be automatically updated when this component is generated.
Info: qsys-generate succeeded.
Info: Finished: Create block symbol file (.bsf)
Info: 
Info: Starting: Create HDL design files for synthesis
Info: qsys-generate C:\Users\ASUS\OneDrive\Escritorio\Module5_Sample_HW\nios_qsys.qsys --synthesis=VERILOG --output-directory=C:\Users\ASUS\OneDrive\Escritorio\Module5_Sample_HW\nios_qsys\synthesis --family="Cyclone V" --part=5CSEBA6U23I7
Progress: Loading Module5_Sample_HW/nios_qsys.qsys
Progress: Reading input file
Progress: Adding clk_50 [clock_source 18.1]
Progress: Parameterizing module clk_50
Progress: Adding jtag_uart [altera_avalon_jtag_uart 18.1]
Progress: Parameterizing module jtag_uart
Progress: Adding led_pio [altera_avalon_pio 18.1]
Progress: Parameterizing module led_pio
Progress: Adding light_i2c_opencores [i2c_opencores 12.0]
Progress: Parameterizing module light_i2c_opencores
Progress: Adding light_int [altera_avalon_pio 18.1]
Progress: Parameterizing module light_int
Progress: Adding mm_bridge_for_hps [altera_avalon_mm_bridge 18.1]
Progress: Parameterizing module mm_bridge_for_hps
Progress: Adding mpu_i2c_opencores [i2c_opencores 12.0]
Progress: Parameterizing module mpu_i2c_opencores
Progress: Adding mpu_int [altera_avalon_pio 18.1]
Progress: Parameterizing module mpu_int
Progress: Adding nios2_gen2 [altera_nios2_gen2 18.1]
Progress: Parameterizing module nios2_gen2
Progress: Adding onchip_memory2 [altera_avalon_onchip_memory2 18.1]
Progress: Parameterizing module onchip_memory2
Progress: Adding pid_controller_0 [pid_controller 1.0]
Progress: Parameterizing module pid_controller_0
Progress: Adding pio_0 [altera_avalon_pio 18.1]
Progress: Parameterizing module pio_0
Progress: Adding rh_temp_drdy_n [altera_avalon_pio 18.1]
Progress: Parameterizing module rh_temp_drdy_n
Progress: Adding rh_temp_i2c_opencores [i2c_opencores 12.0]
Progress: Parameterizing module rh_temp_i2c_opencores
Progress: Adding shared_memory [altera_avalon_onchip_memory2 18.1]
Progress: Parameterizing module shared_memory
Progress: Adding sysid_qsys [altera_avalon_sysid_qsys 18.1]
Progress: Parameterizing module sysid_qsys
Progress: Adding timer [altera_avalon_timer 18.1]
Progress: Parameterizing module timer
Progress: Adding wifi_reset_pio [altera_avalon_pio 18.1]
Progress: Parameterizing module wifi_reset_pio
Progress: Adding wifi_uart0 [altera_avalon_uart 18.1]
Progress: Parameterizing module wifi_uart0
Progress: Building connections
Progress: Parameterizing connections
Progress: Validating
Progress: Done reading input file
Info: nios_qsys.jtag_uart: JTAG UART IP input clock need to be at least double (2x) the operating frequency of JTAG TCK on board
Info: nios_qsys.light_int: PIO inputs are not hardwired in test bench. Undefined values will be read from PIO inputs during simulation.
Info: nios_qsys.mpu_int: PIO inputs are not hardwired in test bench. Undefined values will be read from PIO inputs during simulation.
Info: nios_qsys.rh_temp_drdy_n: PIO inputs are not hardwired in test bench. Undefined values will be read from PIO inputs during simulation.
Info: nios_qsys.sysid_qsys: System ID is not assigned automatically. Edit the System ID parameter to provide a unique ID
Info: nios_qsys.sysid_qsys: Time stamp will be automatically updated when this component is generated.
Info: nios_qsys: Generating nios_qsys "nios_qsys" for QUARTUS_SYNTH
Info: jtag_uart: Starting RTL generation for module 'nios_qsys_jtag_uart'
Info: jtag_uart:   Generation command is [exec C:/intelfpga_lite/18.1/quartus/bin64/perl/bin/perl.exe -I C:/intelfpga_lite/18.1/quartus/bin64/perl/lib -I C:/intelfpga_lite/18.1/quartus/sopc_builder/bin/europa -I C:/intelfpga_lite/18.1/quartus/sopc_builder/bin/perl_lib -I C:/intelfpga_lite/18.1/quartus/sopc_builder/bin -I C:/intelfpga_lite/18.1/quartus/../ip/altera/sopc_builder_ip/common -I C:/intelfpga_lite/18.1/quartus/../ip/altera/sopc_builder_ip/altera_avalon_jtag_uart -- C:/intelfpga_lite/18.1/quartus/../ip/altera/sopc_builder_ip/altera_avalon_jtag_uart/generate_rtl.pl --name=nios_qsys_jtag_uart --dir=C:/Users/ASUS/AppData/Local/Temp/alt9103_8439286046648085369.dir/0002_jtag_uart_gen/ --quartus_dir=C:/intelfpga_lite/18.1/quartus --verilog --config=C:/Users/ASUS/AppData/Local/Temp/alt9103_8439286046648085369.dir/0002_jtag_uart_gen//nios_qsys_jtag_uart_component_configuration.pl  --do_build_sim=0  ]
Info: jtag_uart: Done RTL generation for module 'nios_qsys_jtag_uart'
Info: jtag_uart: "nios_qsys" instantiated altera_avalon_jtag_uart "jtag_uart"
Info: led_pio: Starting RTL generation for module 'nios_qsys_led_pio'
Info: led_pio:   Generation command is [exec C:/intelfpga_lite/18.1/quartus/bin64/perl/bin/perl.exe -I C:/intelfpga_lite/18.1/quartus/bin64/perl/lib -I C:/intelfpga_lite/18.1/quartus/sopc_builder/bin/europa -I C:/intelfpga_lite/18.1/quartus/sopc_builder/bin/perl_lib -I C:/intelfpga_lite/18.1/quartus/sopc_builder/bin -I C:/intelfpga_lite/18.1/quartus/../ip/altera/sopc_builder_ip/common -I C:/intelfpga_lite/18.1/quartus/../ip/altera/sopc_builder_ip/altera_avalon_pio -- C:/intelfpga_lite/18.1/quartus/../ip/altera/sopc_builder_ip/altera_avalon_pio/generate_rtl.pl --name=nios_qsys_led_pio --dir=C:/Users/ASUS/AppData/Local/Temp/alt9103_8439286046648085369.dir/0003_led_pio_gen/ --quartus_dir=C:/intelfpga_lite/18.1/quartus --verilog --config=C:/Users/ASUS/AppData/Local/Temp/alt9103_8439286046648085369.dir/0003_led_pio_gen//nios_qsys_led_pio_component_configuration.pl  --do_build_sim=0  ]
Info: led_pio: Done RTL generation for module 'nios_qsys_led_pio'
Info: led_pio: "nios_qsys" instantiated altera_avalon_pio "led_pio"
Info: light_i2c_opencores: "nios_qsys" instantiated i2c_opencores "light_i2c_opencores"
Info: light_int: Starting RTL generation for module 'nios_qsys_light_int'
Info: light_int:   Generation command is [exec C:/intelfpga_lite/18.1/quartus/bin64/perl/bin/perl.exe -I C:/intelfpga_lite/18.1/quartus/bin64/perl/lib -I C:/intelfpga_lite/18.1/quartus/sopc_builder/bin/europa -I C:/intelfpga_lite/18.1/quartus/sopc_builder/bin/perl_lib -I C:/intelfpga_lite/18.1/quartus/sopc_builder/bin -I C:/intelfpga_lite/18.1/quartus/../ip/altera/sopc_builder_ip/common -I C:/intelfpga_lite/18.1/quartus/../ip/altera/sopc_builder_ip/altera_avalon_pio -- C:/intelfpga_lite/18.1/quartus/../ip/altera/sopc_builder_ip/altera_avalon_pio/generate_rtl.pl --name=nios_qsys_light_int --dir=C:/Users/ASUS/AppData/Local/Temp/alt9103_8439286046648085369.dir/0005_light_int_gen/ --quartus_dir=C:/intelfpga_lite/18.1/quartus --verilog --config=C:/Users/ASUS/AppData/Local/Temp/alt9103_8439286046648085369.dir/0005_light_int_gen//nios_qsys_light_int_component_configuration.pl  --do_build_sim=0  ]
Info: light_int: Done RTL generation for module 'nios_qsys_light_int'
Info: light_int: "nios_qsys" instantiated altera_avalon_pio "light_int"
Info: mm_bridge_for_hps: "nios_qsys" instantiated altera_avalon_mm_bridge "mm_bridge_for_hps"
Info: nios2_gen2: "nios_qsys" instantiated altera_nios2_gen2 "nios2_gen2"
Info: onchip_memory2: Starting RTL generation for module 'nios_qsys_onchip_memory2'
Info: onchip_memory2:   Generation command is [exec C:/intelfpga_lite/18.1/quartus/bin64/perl/bin/perl.exe -I C:/intelfpga_lite/18.1/quartus/bin64/perl/lib -I C:/intelfpga_lite/18.1/quartus/sopc_builder/bin/europa -I C:/intelfpga_lite/18.1/quartus/sopc_builder/bin/perl_lib -I C:/intelfpga_lite/18.1/quartus/sopc_builder/bin -I C:/intelfpga_lite/18.1/quartus/../ip/altera/sopc_builder_ip/common -I C:/intelfpga_lite/18.1/quartus/../ip/altera/sopc_builder_ip/altera_avalon_onchip_memory2 -- C:/intelfpga_lite/18.1/quartus/../ip/altera/sopc_builder_ip/altera_avalon_onchip_memory2/generate_rtl.pl --name=nios_qsys_onchip_memory2 --dir=C:/Users/ASUS/AppData/Local/Temp/alt9103_8439286046648085369.dir/0007_onchip_memory2_gen/ --quartus_dir=C:/intelfpga_lite/18.1/quartus --verilog --config=C:/Users/ASUS/AppData/Local/Temp/alt9103_8439286046648085369.dir/0007_onchip_memory2_gen//nios_qsys_onchip_memory2_component_configuration.pl  --do_build_sim=0  ]
Info: onchip_memory2: Done RTL generation for module 'nios_qsys_onchip_memory2'
Info: onchip_memory2: "nios_qsys" instantiated altera_avalon_onchip_memory2 "onchip_memory2"
Info: pid_controller_0: "nios_qsys" instantiated pid_controller "pid_controller_0"
Info: pio_0: Starting RTL generation for module 'nios_qsys_pio_0'
Info: pio_0:   Generation command is [exec C:/intelfpga_lite/18.1/quartus/bin64/perl/bin/perl.exe -I C:/intelfpga_lite/18.1/quartus/bin64/perl/lib -I C:/intelfpga_lite/18.1/quartus/sopc_builder/bin/europa -I C:/intelfpga_lite/18.1/quartus/sopc_builder/bin/perl_lib -I C:/intelfpga_lite/18.1/quartus/sopc_builder/bin -I C:/intelfpga_lite/18.1/quartus/../ip/altera/sopc_builder_ip/common -I C:/intelfpga_lite/18.1/quartus/../ip/altera/sopc_builder_ip/altera_avalon_pio -- C:/intelfpga_lite/18.1/quartus/../ip/altera/sopc_builder_ip/altera_avalon_pio/generate_rtl.pl --name=nios_qsys_pio_0 --dir=C:/Users/ASUS/AppData/Local/Temp/alt9103_8439286046648085369.dir/0009_pio_0_gen/ --quartus_dir=C:/intelfpga_lite/18.1/quartus --verilog --config=C:/Users/ASUS/AppData/Local/Temp/alt9103_8439286046648085369.dir/0009_pio_0_gen//nios_qsys_pio_0_component_configuration.pl  --do_build_sim=0  ]
Info: pio_0: Done RTL generation for module 'nios_qsys_pio_0'
Info: pio_0: "nios_qsys" instantiated altera_avalon_pio "pio_0"
Info: rh_temp_drdy_n: Starting RTL generation for module 'nios_qsys_rh_temp_drdy_n'
Info: rh_temp_drdy_n:   Generation command is [exec C:/intelfpga_lite/18.1/quartus/bin64/perl/bin/perl.exe -I C:/intelfpga_lite/18.1/quartus/bin64/perl/lib -I C:/intelfpga_lite/18.1/quartus/sopc_builder/bin/europa -I C:/intelfpga_lite/18.1/quartus/sopc_builder/bin/perl_lib -I C:/intelfpga_lite/18.1/quartus/sopc_builder/bin -I C:/intelfpga_lite/18.1/quartus/../ip/altera/sopc_builder_ip/common -I C:/intelfpga_lite/18.1/quartus/../ip/altera/sopc_builder_ip/altera_avalon_pio -- C:/intelfpga_lite/18.1/quartus/../ip/altera/sopc_builder_ip/altera_avalon_pio/generate_rtl.pl --name=nios_qsys_rh_temp_drdy_n --dir=C:/Users/ASUS/AppData/Local/Temp/alt9103_8439286046648085369.dir/0010_rh_temp_drdy_n_gen/ --quartus_dir=C:/intelfpga_lite/18.1/quartus --verilog --config=C:/Users/ASUS/AppData/Local/Temp/alt9103_8439286046648085369.dir/0010_rh_temp_drdy_n_gen//nios_qsys_rh_temp_drdy_n_component_configuration.pl  --do_build_sim=0  ]
Info: rh_temp_drdy_n: Done RTL generation for module 'nios_qsys_rh_temp_drdy_n'
Info: rh_temp_drdy_n: "nios_qsys" instantiated altera_avalon_pio "rh_temp_drdy_n"
Info: shared_memory: Starting RTL generation for module 'nios_qsys_shared_memory'
Info: shared_memory:   Generation command is [exec C:/intelfpga_lite/18.1/quartus/bin64/perl/bin/perl.exe -I C:/intelfpga_lite/18.1/quartus/bin64/perl/lib -I C:/intelfpga_lite/18.1/quartus/sopc_builder/bin/europa -I C:/intelfpga_lite/18.1/quartus/sopc_builder/bin/perl_lib -I C:/intelfpga_lite/18.1/quartus/sopc_builder/bin -I C:/intelfpga_lite/18.1/quartus/../ip/altera/sopc_builder_ip/common -I C:/intelfpga_lite/18.1/quartus/../ip/altera/sopc_builder_ip/altera_avalon_onchip_memory2 -- C:/intelfpga_lite/18.1/quartus/../ip/altera/sopc_builder_ip/altera_avalon_onchip_memory2/generate_rtl.pl --name=nios_qsys_shared_memory --dir=C:/Users/ASUS/AppData/Local/Temp/alt9103_8439286046648085369.dir/0011_shared_memory_gen/ --quartus_dir=C:/intelfpga_lite/18.1/quartus --verilog --config=C:/Users/ASUS/AppData/Local/Temp/alt9103_8439286046648085369.dir/0011_shared_memory_gen//nios_qsys_shared_memory_component_configuration.pl  --do_build_sim=0  ]
Info: shared_memory: Done RTL generation for module 'nios_qsys_shared_memory'
Info: shared_memory: "nios_qsys" instantiated altera_avalon_onchip_memory2 "shared_memory"
Info: sysid_qsys: "nios_qsys" instantiated altera_avalon_sysid_qsys "sysid_qsys"
Info: timer: Starting RTL generation for module 'nios_qsys_timer'
Info: timer:   Generation command is [exec C:/intelFPGA_lite/18.1/quartus/bin64//perl/bin/perl.exe -I C:/intelFPGA_lite/18.1/quartus/bin64//perl/lib -I C:/intelfpga_lite/18.1/quartus/sopc_builder/bin/europa -I C:/intelfpga_lite/18.1/quartus/sopc_builder/bin/perl_lib -I C:/intelfpga_lite/18.1/quartus/sopc_builder/bin -I C:/intelfpga_lite/18.1/quartus/../ip/altera/sopc_builder_ip/common -I C:/intelfpga_lite/18.1/quartus/../ip/altera/sopc_builder_ip/altera_avalon_timer -- C:/intelfpga_lite/18.1/quartus/../ip/altera/sopc_builder_ip/altera_avalon_timer/generate_rtl.pl --name=nios_qsys_timer --dir=C:/Users/ASUS/AppData/Local/Temp/alt9103_8439286046648085369.dir/0013_timer_gen/ --quartus_dir=C:/intelfpga_lite/18.1/quartus --verilog --config=C:/Users/ASUS/AppData/Local/Temp/alt9103_8439286046648085369.dir/0013_timer_gen//nios_qsys_timer_component_configuration.pl  --do_build_sim=0  ]
Info: timer: Done RTL generation for module 'nios_qsys_timer'
Info: timer: "nios_qsys" instantiated altera_avalon_timer "timer"
Info: wifi_reset_pio: Starting RTL generation for module 'nios_qsys_wifi_reset_pio'
Info: wifi_reset_pio:   Generation command is [exec C:/intelfpga_lite/18.1/quartus/bin64/perl/bin/perl.exe -I C:/intelfpga_lite/18.1/quartus/bin64/perl/lib -I C:/intelfpga_lite/18.1/quartus/sopc_builder/bin/europa -I C:/intelfpga_lite/18.1/quartus/sopc_builder/bin/perl_lib -I C:/intelfpga_lite/18.1/quartus/sopc_builder/bin -I C:/intelfpga_lite/18.1/quartus/../ip/altera/sopc_builder_ip/common -I C:/intelfpga_lite/18.1/quartus/../ip/altera/sopc_builder_ip/altera_avalon_pio -- C:/intelfpga_lite/18.1/quartus/../ip/altera/sopc_builder_ip/altera_avalon_pio/generate_rtl.pl --name=nios_qsys_wifi_reset_pio --dir=C:/Users/ASUS/AppData/Local/Temp/alt9103_8439286046648085369.dir/0014_wifi_reset_pio_gen/ --quartus_dir=C:/intelfpga_lite/18.1/quartus --verilog --config=C:/Users/ASUS/AppData/Local/Temp/alt9103_8439286046648085369.dir/0014_wifi_reset_pio_gen//nios_qsys_wifi_reset_pio_component_configuration.pl  --do_build_sim=0  ]
Info: wifi_reset_pio: Done RTL generation for module 'nios_qsys_wifi_reset_pio'
Info: wifi_reset_pio: "nios_qsys" instantiated altera_avalon_pio "wifi_reset_pio"
Info: wifi_uart0: Starting RTL generation for module 'nios_qsys_wifi_uart0'
Info: wifi_uart0:   Generation command is [exec C:/intelfpga_lite/18.1/quartus/bin64/perl/bin/perl.exe -I C:/intelfpga_lite/18.1/quartus/bin64/perl/lib -I C:/intelfpga_lite/18.1/quartus/sopc_builder/bin/europa -I C:/intelfpga_lite/18.1/quartus/sopc_builder/bin/perl_lib -I C:/intelfpga_lite/18.1/quartus/sopc_builder/bin -I C:/intelfpga_lite/18.1/quartus/../ip/altera/sopc_builder_ip/common -I C:/intelfpga_lite/18.1/quartus/../ip/altera/sopc_builder_ip/altera_avalon_uart -- C:/intelfpga_lite/18.1/quartus/../ip/altera/sopc_builder_ip/altera_avalon_uart/generate_rtl.pl --name=nios_qsys_wifi_uart0 --dir=C:/Users/ASUS/AppData/Local/Temp/alt9103_8439286046648085369.dir/0015_wifi_uart0_gen/ --quartus_dir=C:/intelfpga_lite/18.1/quartus --verilog --config=C:/Users/ASUS/AppData/Local/Temp/alt9103_8439286046648085369.dir/0015_wifi_uart0_gen//nios_qsys_wifi_uart0_component_configuration.pl  --do_build_sim=0  ]
Info: wifi_uart0: Done RTL generation for module 'nios_qsys_wifi_uart0'
Info: wifi_uart0: "nios_qsys" instantiated altera_avalon_uart "wifi_uart0"
Info: avalon_st_adapter: Inserting error_adapter: error_adapter_0
Info: avalon_st_adapter_001: Inserting error_adapter: error_adapter_0
Info: avalon_st_adapter_002: Inserting error_adapter: error_adapter_0
Info: avalon_st_adapter_003: Inserting error_adapter: error_adapter_0
Info: avalon_st_adapter_004: Inserting error_adapter: error_adapter_0
Info: avalon_st_adapter_005: Inserting error_adapter: error_adapter_0
Info: avalon_st_adapter_006: Inserting error_adapter: error_adapter_0
Info: avalon_st_adapter_007: Inserting error_adapter: error_adapter_0
Info: avalon_st_adapter_008: Inserting error_adapter: error_adapter_0
Info: avalon_st_adapter_009: Inserting error_adapter: error_adapter_0
Info: avalon_st_adapter_010: Inserting error_adapter: error_adapter_0
Info: avalon_st_adapter_011: Inserting error_adapter: error_adapter_0
Info: avalon_st_adapter_012: Inserting error_adapter: error_adapter_0
Info: avalon_st_adapter_013: Inserting error_adapter: error_adapter_0
Info: avalon_st_adapter_014: Inserting error_adapter: error_adapter_0
Info: avalon_st_adapter_015: Inserting error_adapter: error_adapter_0
Info: avalon_st_adapter_016: Inserting error_adapter: error_adapter_0
Info: avalon_st_adapter_017: Inserting error_adapter: error_adapter_0
Info: avalon_st_adapter_018: Inserting error_adapter: error_adapter_0
Info: avalon_st_adapter_019: Inserting error_adapter: error_adapter_0
Info: mm_interconnect_0: "nios_qsys" instantiated altera_mm_interconnect "mm_interconnect_0"
Info: irq_mapper: "nios_qsys" instantiated altera_irq_mapper "irq_mapper"
Info: rst_controller: "nios_qsys" instantiated altera_reset_controller "rst_controller"
Info: cpu: Starting RTL generation for module 'nios_qsys_nios2_gen2_cpu'
Info: cpu:   Generation command is [exec C:/intelFPGA_lite/18.1/quartus/bin64//eperlcmd.exe -I C:/intelFPGA_lite/18.1/quartus/bin64//perl/lib -I C:/intelfpga_lite/18.1/quartus/sopc_builder/bin/europa -I C:/intelfpga_lite/18.1/quartus/sopc_builder/bin/perl_lib -I C:/intelfpga_lite/18.1/quartus/sopc_builder/bin -I C:/intelfpga_lite/18.1/quartus/../ip/altera/nios2_ip/altera_nios2_gen2/cpu_lib -I C:/intelfpga_lite/18.1/quartus/../ip/altera/nios2_ip/altera_nios2_gen2/nios_lib -I C:/intelfpga_lite/18.1/quartus/../ip/altera/nios2_ip/altera_nios2_gen2 -I C:/intelfpga_lite/18.1/quartus/../ip/altera/nios2_ip/altera_nios2_gen2 -- C:/intelfpga_lite/18.1/quartus/../ip/altera/nios2_ip/altera_nios2_gen2/generate_rtl.epl --name=nios_qsys_nios2_gen2_cpu --dir=C:/Users/ASUS/AppData/Local/Temp/alt9103_8439286046648085369.dir/0018_cpu_gen/ --quartus_bindir=C:/intelFPGA_lite/18.1/quartus/bin64/ --verilog --config=C:/Users/ASUS/AppData/Local/Temp/alt9103_8439286046648085369.dir/0018_cpu_gen//nios_qsys_nios2_gen2_cpu_processor_configuration.pl  --do_build_sim=0  ]
Info: cpu: # 2022.04.20 23:01:16 (*) Starting Nios II generation
Info: cpu: # 2022.04.20 23:01:16 (*)   Checking for plaintext license.
Info: cpu: # 2022.04.20 23:01:17 (*)   Couldn't query license setup in Quartus directory C:/intelFPGA_lite/18.1/quartus/bin64/
Info: cpu: # 2022.04.20 23:01:17 (*)   Defaulting to contents of LM_LICENSE_FILE environment variable
Info: cpu: # 2022.04.20 23:01:18 (*)   Plaintext license not found.
Info: cpu: # 2022.04.20 23:01:18 (*)   No license required to generate encrypted Nios II/e.
Info: cpu: # 2022.04.20 23:01:18 (*)   Elaborating CPU configuration settings
Info: cpu: # 2022.04.20 23:01:18 (*)   Creating all objects for CPU
Info: cpu: # 2022.04.20 23:01:19 (*)   Generating RTL from CPU objects
Info: cpu: # 2022.04.20 23:01:19 (*)   Creating plain-text RTL
Info: cpu: # 2022.04.20 23:01:20 (*) Done Nios II generation
Info: cpu: Done RTL generation for module 'nios_qsys_nios2_gen2_cpu'
Info: cpu: "nios2_gen2" instantiated altera_nios2_gen2_unit "cpu"
Info: nios2_gen2_data_master_translator: "mm_interconnect_0" instantiated altera_merlin_master_translator "nios2_gen2_data_master_translator"
Info: pid_controller_0_ERROR_I_translator: "mm_interconnect_0" instantiated altera_merlin_slave_translator "pid_controller_0_ERROR_I_translator"
Info: nios2_gen2_data_master_agent: "mm_interconnect_0" instantiated altera_merlin_master_agent "nios2_gen2_data_master_agent"
Info: pid_controller_0_ERROR_I_agent: "mm_interconnect_0" instantiated altera_merlin_slave_agent "pid_controller_0_ERROR_I_agent"
Info: pid_controller_0_ERROR_I_agent_rsp_fifo: "mm_interconnect_0" instantiated altera_avalon_sc_fifo "pid_controller_0_ERROR_I_agent_rsp_fifo"
Info: router: "mm_interconnect_0" instantiated altera_merlin_router "router"
Info: router_001: "mm_interconnect_0" instantiated altera_merlin_router "router_001"
Info: router_002: "mm_interconnect_0" instantiated altera_merlin_router "router_002"
Info: router_003: "mm_interconnect_0" instantiated altera_merlin_router "router_003"
Info: router_011: "mm_interconnect_0" instantiated altera_merlin_router "router_011"
Info: router_012: "mm_interconnect_0" instantiated altera_merlin_router "router_012"
Info: router_019: "mm_interconnect_0" instantiated altera_merlin_router "router_019"
Info: router_022: "mm_interconnect_0" instantiated altera_merlin_router "router_022"
Info: mm_bridge_for_hps_m0_limiter: "mm_interconnect_0" instantiated altera_merlin_traffic_limiter "mm_bridge_for_hps_m0_limiter"
Info: Reusing file C:/Users/ASUS/OneDrive/Escritorio/Module5_Sample_HW/nios_qsys/synthesis/submodules/altera_avalon_sc_fifo.v
Info: cmd_demux: "mm_interconnect_0" instantiated altera_merlin_demultiplexer "cmd_demux"
Info: cmd_demux_001: "mm_interconnect_0" instantiated altera_merlin_demultiplexer "cmd_demux_001"
Info: cmd_demux_002: "mm_interconnect_0" instantiated altera_merlin_demultiplexer "cmd_demux_002"
Info: cmd_mux: "mm_interconnect_0" instantiated altera_merlin_multiplexer "cmd_mux"
Info: cmd_mux_008: "mm_interconnect_0" instantiated altera_merlin_multiplexer "cmd_mux_008"
Info: Reusing file C:/Users/ASUS/OneDrive/Escritorio/Module5_Sample_HW/nios_qsys/synthesis/submodules/altera_merlin_arbitrator.sv
Info: cmd_mux_009: "mm_interconnect_0" instantiated altera_merlin_multiplexer "cmd_mux_009"
Info: Reusing file C:/Users/ASUS/OneDrive/Escritorio/Module5_Sample_HW/nios_qsys/synthesis/submodules/altera_merlin_arbitrator.sv
Info: rsp_demux: "mm_interconnect_0" instantiated altera_merlin_demultiplexer "rsp_demux"
Info: rsp_demux_009: "mm_interconnect_0" instantiated altera_merlin_demultiplexer "rsp_demux_009"
Info: rsp_mux: "mm_interconnect_0" instantiated altera_merlin_multiplexer "rsp_mux"
Info: Reusing file C:/Users/ASUS/OneDrive/Escritorio/Module5_Sample_HW/nios_qsys/synthesis/submodules/altera_merlin_arbitrator.sv
Info: rsp_mux_001: "mm_interconnect_0" instantiated altera_merlin_multiplexer "rsp_mux_001"
Info: Reusing file C:/Users/ASUS/OneDrive/Escritorio/Module5_Sample_HW/nios_qsys/synthesis/submodules/altera_merlin_arbitrator.sv
Info: rsp_mux_002: "mm_interconnect_0" instantiated altera_merlin_multiplexer "rsp_mux_002"
Info: Reusing file C:/Users/ASUS/OneDrive/Escritorio/Module5_Sample_HW/nios_qsys/synthesis/submodules/altera_merlin_arbitrator.sv
Info: avalon_st_adapter: "mm_interconnect_0" instantiated altera_avalon_st_adapter "avalon_st_adapter"
Info: error_adapter_0: "avalon_st_adapter" instantiated error_adapter "error_adapter_0"
Info: nios_qsys: Done "nios_qsys" with 47 modules, 66 files
Info: qsys-generate succeeded.
Info: Finished: Create HDL design files for synthesis
